2020-09-09 17:01:33,995 INFO o.a.j.u.JMeterUtils: Setting Locale to en_EN
2020-09-09 17:01:34,032 INFO o.a.j.JMeter: Loading user properties from: user.properties
2020-09-09 17:01:34,047 INFO o.a.j.JMeter: Loading system properties from: system.properties
2020-09-09 17:01:34,055 INFO o.a.j.JMeter: Copyright (c) 1998-2020 The Apache Software Foundation
2020-09-09 17:01:34,055 INFO o.a.j.JMeter: Version 5.3
2020-09-09 17:01:34,055 INFO o.a.j.JMeter: java.version=1.8.0_191
2020-09-09 17:01:34,056 INFO o.a.j.JMeter: java.vm.name=Java HotSpot(TM) 64-Bit Server VM
2020-09-09 17:01:34,056 INFO o.a.j.JMeter: os.name=Windows 10
2020-09-09 17:01:34,056 INFO o.a.j.JMeter: os.arch=amd64
2020-09-09 17:01:34,056 INFO o.a.j.JMeter: os.version=10.0
2020-09-09 17:01:34,056 INFO o.a.j.JMeter: file.encoding=Cp1252
2020-09-09 17:01:34,056 INFO o.a.j.JMeter: java.awt.headless=null
2020-09-09 17:01:34,056 INFO o.a.j.JMeter: Max memory     =1073741824
2020-09-09 17:01:34,056 INFO o.a.j.JMeter: Available Processors =4
2020-09-09 17:01:34,064 INFO o.a.j.JMeter: Default Locale=English (EN)
2020-09-09 17:01:34,064 INFO o.a.j.JMeter: JMeter  Locale=English (EN)
2020-09-09 17:01:34,065 INFO o.a.j.JMeter: JMeterHome=C:\Users\zulu\Desktop\Jmter Script Folder
2020-09-09 17:01:34,065 INFO o.a.j.JMeter: user.dir  =C:\Users\zulu\Desktop\Jmter Script Folder\bin
2020-09-09 17:01:34,065 INFO o.a.j.JMeter: PWD       =C:\Users\zulu\Desktop\Jmter Script Folder\bin
2020-09-09 17:01:34,068 INFO o.a.j.JMeter: IP: 127.0.0.1 Name: zulu-HP FullName: zulu-HP
2020-09-09 17:01:34,554 INFO o.a.j.JMeter: Setting LAF to: laf:com.sun.java.swing.plaf.windows.WindowsLookAndFeel
2020-09-09 17:01:35,629 INFO o.a.j.JMeter: Loaded icon properties from org/apache/jmeter/images/icon.properties
2020-09-09 17:02:29,936 INFO o.a.j.s.FileServer: Default base='C:\Users\zulu\Desktop\Jmter Script Folder\bin'
2020-09-09 17:02:29,942 INFO o.a.j.g.a.Load: Loading file: C:\Users\zulu\Desktop\apache-jmeter-5.3\bin\Demo_git_jenkins.jmx
2020-09-09 17:02:29,942 INFO o.a.j.s.FileServer: Set new base='C:\Users\zulu\Desktop\apache-jmeter-5.3\bin'
2020-09-09 17:02:30,245 INFO o.a.j.s.SaveService: Testplan (JMX) version: 2.2. Testlog (JTL) version: 2.2
2020-09-09 17:02:30,303 INFO o.a.j.s.SaveService: Using SaveService properties file encoding UTF-8
2020-09-09 17:02:30,306 INFO o.a.j.s.SaveService: Using SaveService properties version 5.0
2020-09-09 17:02:30,312 INFO o.a.j.s.SaveService: Loading file: C:\Users\zulu\Desktop\apache-jmeter-5.3\bin\Demo_git_jenkins.jmx
2020-09-09 17:02:30,363 INFO o.a.j.p.h.s.HTTPSamplerBase: Parser for text/html is org.apache.jmeter.protocol.http.parser.LagartoBasedHtmlParser
2020-09-09 17:02:30,364 INFO o.a.j.p.h.s.HTTPSamplerBase: Parser for application/xhtml+xml is org.apache.jmeter.protocol.http.parser.LagartoBasedHtmlParser
2020-09-09 17:02:30,364 INFO o.a.j.p.h.s.HTTPSamplerBase: Parser for application/xml is org.apache.jmeter.protocol.http.parser.LagartoBasedHtmlParser
2020-09-09 17:02:30,364 INFO o.a.j.p.h.s.HTTPSamplerBase: Parser for text/xml is org.apache.jmeter.protocol.http.parser.LagartoBasedHtmlParser
2020-09-09 17:02:30,364 INFO o.a.j.p.h.s.HTTPSamplerBase: Parser for text/vnd.wap.wml is org.apache.jmeter.protocol.http.parser.RegexpHTMLParser
2020-09-09 17:02:30,364 INFO o.a.j.p.h.s.HTTPSamplerBase: Parser for text/css is org.apache.jmeter.protocol.http.parser.CssParser
2020-09-09 17:02:32,168 INFO o.a.j.e.KeyToolUtils: keytool found at 'keytool'
2020-09-09 17:02:32,169 INFO o.a.j.p.h.p.ProxyControl: HTTP(S) Test Script Recorder SSL Proxy will use keys that support embedded 3rd party resources in file C:\Users\zulu\Desktop\Jmter Script Folder\bin\proxyserver.jks
2020-09-09 17:02:33,116 INFO o.a.j.s.SampleResult: Note: Sample TimeStamps are START times
2020-09-09 17:02:33,116 INFO o.a.j.s.SampleResult: sampleresult.default.encoding is set to ISO-8859-1
2020-09-09 17:02:33,116 INFO o.a.j.s.SampleResult: sampleresult.useNanoTime=true
2020-09-09 17:02:33,117 INFO o.a.j.s.SampleResult: sampleresult.nanoThreadSleep=5000
2020-09-09 17:02:44,277 INFO o.a.j.s.FileServer: Set new base='C:\Users\zulu\Desktop\apache-jmeter-5.3\bin'
